<?xml version="1.0" encoding="UTF-8"?>
<!-- Generated by org.testng.reporters.JUnitReportReporter -->
<testsuite hostname="ViswaTeja" failures="0" tests="2" name="Tests.LoginTest" time="43.593" errors="0" timestamp="2022-09-23T17:17:41 IST" skipped="0">
  <testcase classname="Tests.LoginTest" name="login" time="31.971"/>
  <system-out/>
  <testcase classname="Tests.LoginTest" name="login" time="11.622"/>
  <system-out/>
</testsuite> <!-- Tests.LoginTest -->
