<?xml version="1.0" encoding="UTF-8"?>
<!-- Generated by org.testng.reporters.JUnitReportReporter -->
<testsuite hostname="ViswaTeja" failures="0" tests="1" name="Tests.TwoTest" time="21.663" errors="0" timestamp="2022-09-23T17:17:41 IST" skipped="0">
  <testcase classname="Tests.TwoTest" name="TestTwo" time="21.663"/>
  <system-out/>
</testsuite> <!-- Tests.TwoTest -->
