<?xml version="1.0" encoding="UTF-8"?>
<!-- Generated by org.testng.reporters.JUnitReportReporter -->
<testsuite hostname="ViswaTeja" failures="0" tests="1" name="Tests.ThreeTest" time="19.484" errors="0" timestamp="2022-09-23T17:17:41 IST" skipped="0">
  <testcase classname="Tests.ThreeTest" name="TestThree" time="19.484"/>
  <system-out/>
</testsuite> <!-- Tests.ThreeTest -->
