<?xml version="1.0" encoding="UTF-8"?>
<!-- Generated by org.testng.reporters.JUnitReportReporter -->
<testsuite hostname="ViswaTeja" failures="0" tests="1" name="Tests.ThreeTest" time="0.011" errors="0" timestamp="2022-09-22T16:45:49 IST" skipped="0">
  <testcase classname="Tests.ThreeTest" name="TestThree" time="0.011"/>
  <system-out/>
</testsuite> <!-- Tests.ThreeTest -->
