<?xml version="1.0" encoding="UTF-8"?>
<!-- Generated by org.testng.reporters.JUnitReportReporter -->
<testsuite hostname="ViswaTeja" failures="0" tests="2" name="Tests.LoginTest" time="36.106" errors="0" timestamp="2022-09-22T16:45:49 IST" skipped="0">
  <testcase classname="Tests.LoginTest" name="login" time="20.858"/>
  <system-out/>
  <testcase classname="Tests.LoginTest" name="login" time="15.248"/>
  <system-out/>
</testsuite> <!-- Tests.LoginTest -->
