<?xml version="1.0" encoding="UTF-8"?>
<!-- Generated by org.testng.reporters.JUnitReportReporter -->
<testsuite hostname="ViswaTeja" failures="0" tests="1" name="Runner.Runner" time="12.503" errors="0" timestamp="2022-09-23T18:33:46 IST" skipped="0">
  <testcase classname="Runner.Runner" name="runScenario" time="12.503"/>
  <system-out/>
</testsuite> <!-- Runner.Runner -->
