<?xml version="1.0" encoding="UTF-8"?>
<!-- Generated by org.testng.reporters.JUnitReportReporter -->
<testsuite hostname="ViswaTeja" failures="0" tests="1" name="Tests.FourTest" time="0.003" errors="0" timestamp="2022-09-22T16:45:49 IST" skipped="0">
  <testcase classname="Tests.FourTest" name="TestFour" time="0.003"/>
  <system-out/>
</testsuite> <!-- Tests.FourTest -->
